<?xml version="1.0" encoding="UTF-8"?>
<Site BuildName="Win32-mingw32-make"
	BuildStamp="20251020-1410-Experimental"
	Name="LAPTOP-A0NF3VFS"
	Generator="ctest-4.1.2"
	CompilerName="C:/msys64/ucrt64/bin/g++.exe"
	CompilerVersion="13.2.0"
	OSName="Windows"
	Hostname="LAPTOP-A0NF3VFS"
	OSRelease=" Personal"
	OSVersion=" (Build 22631)"
	OSPlatform="AMD64"
	Is64Bits="1"
	VendorString="AuthenticAMD"
	VendorID="Advanced Micro Devices"
	FamilyID="15"
	ModelID="4"
	ModelName="AMD Ryzen 9 7940HS w/ Radeon 780M Graphics"
	ProcessorCacheSize="64"
	NumberOfLogicalCPU="16"
	NumberOfPhysicalCPU="8"
	TotalVirtualMemory="28379"
	TotalPhysicalMemory="15579"
	LogicalProcessorsPerPhysical="2"
	ProcessorClockFrequency="4001"
	>
	<Testing>
		<StartDateTime>Oct 24 09:24 Eastern Daylight Time</StartDateTime>
		<StartTestTime>1761312263</StartTestTime>
		<TestList/>
		<EndDateTime>Oct 24 09:24 Eastern Daylight Time</EndDateTime>
		<EndTestTime>1761312263</EndTestTime>
		<ElapsedMinutes>0</ElapsedMinutes>
	</Testing>
</Site>
